[23-Dec-2016 14:42:46 PRC] PHP Warning:  ini_set() expects exactly 2 parameters, 1 given in F:\www\Kangframework\library\shared.php on line 66
[23-Dec-2016 14:42:46 PRC] PHP Notice:  Undefined offset: 0 in F:\www\Kangframework\library\shared.php on line 97
[23-Dec-2016 14:42:46 PRC] PHP Fatal error:  Class 'controller' not found in F:\www\Kangframework\library\shared.php on line 111
[23-Dec-2016 14:42:58 PRC] PHP Warning:  ini_set() expects exactly 2 parameters, 1 given in F:\www\Kangframework\library\shared.php on line 66
[23-Dec-2016 14:42:58 PRC] PHP Notice:  Undefined offset: 0 in F:\www\Kangframework\library\shared.php on line 97
[23-Dec-2016 14:42:58 PRC] PHP Fatal error:  Class 'controller' not found in F:\www\Kangframework\library\shared.php on line 111
[23-Dec-2016 14:42:59 PRC] PHP Warning:  ini_set() expects exactly 2 parameters, 1 given in F:\www\Kangframework\library\shared.php on line 66
[23-Dec-2016 14:42:59 PRC] PHP Notice:  Undefined offset: 0 in F:\www\Kangframework\library\shared.php on line 97
[23-Dec-2016 14:42:59 PRC] PHP Fatal error:  Class 'controller' not found in F:\www\Kangframework\library\shared.php on line 111
[23-Dec-2016 14:43:02 PRC] PHP Warning:  ini_set() expects exactly 2 parameters, 1 given in F:\www\Kangframework\library\shared.php on line 66
[23-Dec-2016 14:43:02 PRC] PHP Notice:  Undefined offset: 0 in F:\www\Kangframework\library\shared.php on line 97
[23-Dec-2016 14:43:02 PRC] PHP Fatal error:  Class 'controller' not found in F:\www\Kangframework\library\shared.php on line 111
[23-Dec-2016 14:43:04 PRC] PHP Warning:  ini_set() expects exactly 2 parameters, 1 given in F:\www\Kangframework\library\shared.php on line 66
[23-Dec-2016 14:43:04 PRC] PHP Notice:  Undefined offset: 0 in F:\www\Kangframework\library\shared.php on line 97
[23-Dec-2016 14:43:04 PRC] PHP Fatal error:  Class 'controller' not found in F:\www\Kangframework\library\shared.php on line 111
[23-Dec-2016 14:43:11 PRC] PHP Warning:  ini_set() expects exactly 2 parameters, 1 given in F:\www\Kangframework\library\shared.php on line 66
[23-Dec-2016 14:43:11 PRC] PHP Notice:  Undefined offset: 0 in F:\www\Kangframework\library\shared.php on line 97
[23-Dec-2016 14:43:11 PRC] PHP Fatal error:  Class 'controller' not found in F:\www\Kangframework\library\shared.php on line 111
[23-Dec-2016 14:43:13 PRC] PHP Warning:  ini_set() expects exactly 2 parameters, 1 given in F:\www\Kangframework\library\shared.php on line 66
[23-Dec-2016 14:43:13 PRC] PHP Notice:  Undefined offset: 0 in F:\www\Kangframework\library\shared.php on line 97
[23-Dec-2016 14:43:13 PRC] PHP Fatal error:  Class 'controller' not found in F:\www\Kangframework\library\shared.php on line 111
[23-Dec-2016 14:43:45 PRC] PHP Warning:  ini_set() expects exactly 2 parameters, 1 given in F:\www\Kangframework\library\shared.php on line 66
[23-Dec-2016 14:43:45 PRC] PHP Notice:  Undefined offset: 0 in F:\www\Kangframework\library\shared.php on line 97
[23-Dec-2016 14:43:45 PRC] PHP Fatal error:  Class 'controller' not found in F:\www\Kangframework\library\shared.php on line 111
[23-Dec-2016 14:43:46 PRC] PHP Warning:  ini_set() expects exactly 2 parameters, 1 given in F:\www\Kangframework\library\shared.php on line 66
[23-Dec-2016 14:43:46 PRC] PHP Notice:  Undefined offset: 0 in F:\www\Kangframework\library\shared.php on line 97
[23-Dec-2016 14:43:46 PRC] PHP Fatal error:  Class 'controller' not found in F:\www\Kangframework\library\shared.php on line 111
[23-Dec-2016 14:43:47 PRC] PHP Warning:  ini_set() expects exactly 2 parameters, 1 given in F:\www\Kangframework\library\shared.php on line 66
[23-Dec-2016 14:43:47 PRC] PHP Notice:  Undefined offset: 0 in F:\www\Kangframework\library\shared.php on line 97
[23-Dec-2016 14:43:47 PRC] PHP Fatal error:  Class 'controller' not found in F:\www\Kangframework\library\shared.php on line 111
[23-Dec-2016 14:43:47 PRC] PHP Warning:  ini_set() expects exactly 2 parameters, 1 given in F:\www\Kangframework\library\shared.php on line 66
[23-Dec-2016 14:43:47 PRC] PHP Notice:  Undefined offset: 0 in F:\www\Kangframework\library\shared.php on line 97
[23-Dec-2016 14:43:47 PRC] PHP Fatal error:  Class 'controller' not found in F:\www\Kangframework\library\shared.php on line 111
[23-Dec-2016 14:43:47 PRC] PHP Warning:  ini_set() expects exactly 2 parameters, 1 given in F:\www\Kangframework\library\shared.php on line 66
[23-Dec-2016 14:43:47 PRC] PHP Notice:  Undefined offset: 0 in F:\www\Kangframework\library\shared.php on line 97
[23-Dec-2016 14:43:47 PRC] PHP Fatal error:  Class 'controller' not found in F:\www\Kangframework\library\shared.php on line 111
[23-Dec-2016 14:43:48 PRC] PHP Warning:  ini_set() expects exactly 2 parameters, 1 given in F:\www\Kangframework\library\shared.php on line 66
[23-Dec-2016 14:43:48 PRC] PHP Notice:  Undefined offset: 0 in F:\www\Kangframework\library\shared.php on line 97
[23-Dec-2016 14:43:48 PRC] PHP Fatal error:  Class 'controller' not found in F:\www\Kangframework\library\shared.php on line 111
[23-Dec-2016 14:43:48 PRC] PHP Warning:  ini_set() expects exactly 2 parameters, 1 given in F:\www\Kangframework\library\shared.php on line 66
[23-Dec-2016 14:43:48 PRC] PHP Notice:  Undefined offset: 0 in F:\www\Kangframework\library\shared.php on line 97
[23-Dec-2016 14:43:48 PRC] PHP Fatal error:  Class 'controller' not found in F:\www\Kangframework\library\shared.php on line 111
[23-Dec-2016 14:43:48 PRC] PHP Warning:  ini_set() expects exactly 2 parameters, 1 given in F:\www\Kangframework\library\shared.php on line 66
[23-Dec-2016 14:43:48 PRC] PHP Notice:  Undefined offset: 0 in F:\www\Kangframework\library\shared.php on line 97
[23-Dec-2016 14:43:48 PRC] PHP Fatal error:  Class 'controller' not found in F:\www\Kangframework\library\shared.php on line 111
[23-Dec-2016 14:43:48 PRC] PHP Warning:  ini_set() expects exactly 2 parameters, 1 given in F:\www\Kangframework\library\shared.php on line 66
[23-Dec-2016 14:43:48 PRC] PHP Notice:  Undefined offset: 0 in F:\www\Kangframework\library\shared.php on line 97
[23-Dec-2016 14:43:48 PRC] PHP Fatal error:  Class 'controller' not found in F:\www\Kangframework\library\shared.php on line 111
[23-Dec-2016 14:44:18 PRC] PHP Warning:  ini_set() expects exactly 2 parameters, 1 given in F:\www\Kangframework\library\shared.php on line 66
[23-Dec-2016 14:44:33 PRC] PHP Warning:  ini_set() expects exactly 2 parameters, 1 given in F:\www\Kangframework\library\shared.php on line 66
[23-Dec-2016 14:44:33 PRC] PHP Notice:  Undefined offset: 0 in F:\www\Kangframework\library\shared.php on line 97
[23-Dec-2016 14:44:33 PRC] PHP Fatal error:  Class 'controller' not found in F:\www\Kangframework\library\shared.php on line 111
[23-Dec-2016 14:44:49 PRC] PHP Warning:  ini_set() expects exactly 2 parameters, 1 given in F:\www\Kangframework\library\shared.php on line 66
[23-Dec-2016 14:44:49 PRC] PHP Notice:  Undefined offset: 0 in F:\www\Kangframework\library\shared.php on line 97
[23-Dec-2016 14:44:49 PRC] PHP Fatal error:  Class 'controller' not found in F:\www\Kangframework\library\shared.php on line 111
[23-Dec-2016 14:44:50 PRC] PHP Warning:  ini_set() expects exactly 2 parameters, 1 given in F:\www\Kangframework\library\shared.php on line 66
[23-Dec-2016 14:44:50 PRC] PHP Notice:  Undefined offset: 0 in F:\www\Kangframework\library\shared.php on line 97
[23-Dec-2016 14:44:50 PRC] PHP Fatal error:  Class 'controller' not found in F:\www\Kangframework\library\shared.php on line 111
[23-Dec-2016 14:44:56 PRC] PHP Warning:  ini_set() expects exactly 2 parameters, 1 given in F:\www\Kangframework\library\shared.php on line 66
[23-Dec-2016 14:44:57 PRC] PHP Warning:  ini_set() expects exactly 2 parameters, 1 given in F:\www\Kangframework\library\shared.php on line 66
[23-Dec-2016 14:44:58 PRC] PHP Warning:  ini_set() expects exactly 2 parameters, 1 given in F:\www\Kangframework\library\shared.php on line 66
[23-Dec-2016 14:44:59 PRC] PHP Warning:  ini_set() expects exactly 2 parameters, 1 given in F:\www\Kangframework\library\shared.php on line 66
[23-Dec-2016 14:45:13 PRC] PHP Warning:  ini_set() expects exactly 2 parameters, 1 given in F:\www\Kangframework\library\shared.php on line 66
[23-Dec-2016 14:47:37 PRC] PHP Warning:  ini_set() expects exactly 2 parameters, 1 given in F:\www\Kangframework\library\shared.php on line 66
[23-Dec-2016 14:48:01 PRC] PHP Warning:  ini_set() expects exactly 2 parameters, 1 given in F:\www\Kangframework\library\shared.php on line 66
[23-Dec-2016 14:48:49 PRC] PHP Warning:  ini_set() expects exactly 2 parameters, 1 given in F:\www\Kangframework\library\shared.php on line 66
[23-Dec-2016 14:48:58 PRC] PHP Warning:  ini_set() expects exactly 2 parameters, 1 given in F:\www\Kangframework\library\shared.php on line 66
[23-Dec-2016 14:50:58 PRC] PHP Warning:  ini_set() expects exactly 2 parameters, 1 given in F:\www\Kangframework\library\shared.php on line 66
[23-Dec-2016 14:51:00 PRC] PHP Warning:  ini_set() expects exactly 2 parameters, 1 given in F:\www\Kangframework\library\shared.php on line 66
[23-Dec-2016 14:51:09 PRC] PHP Warning:  ini_set() expects exactly 2 parameters, 1 given in F:\www\Kangframework\library\shared.php on line 66
[23-Dec-2016 14:51:10 PRC] PHP Warning:  ini_set() expects exactly 2 parameters, 1 given in F:\www\Kangframework\library\shared.php on line 66
[23-Dec-2016 14:51:10 PRC] PHP Warning:  ini_set() expects exactly 2 parameters, 1 given in F:\www\Kangframework\library\shared.php on line 66
[23-Dec-2016 14:51:27 PRC] PHP Warning:  ini_set() expects exactly 2 parameters, 1 given in F:\www\Kangframework\library\shared.php on line 66
[23-Dec-2016 14:55:09 PRC] PHP Warning:  ini_set() expects exactly 2 parameters, 1 given in F:\www\Kangframework\library\shared.php on line 66
[23-Dec-2016 14:55:31 PRC] PHP Warning:  ini_set() expects exactly 2 parameters, 1 given in F:\www\Kangframework\library\shared.php on line 66
[23-Dec-2016 14:56:55 PRC] PHP Warning:  ini_set() expects exactly 2 parameters, 1 given in F:\www\Kangframework\library\shared.php on line 66
[23-Dec-2016 14:57:27 PRC] PHP Warning:  ini_set() expects exactly 2 parameters, 1 given in F:\www\Kangframework\library\shared.php on line 66
[23-Dec-2016 15:03:33 PRC] PHP Warning:  ini_set() expects exactly 2 parameters, 1 given in F:\www\Kangframework\library\shared.php on line 66
[23-Dec-2016 15:03:33 PRC] PHP Fatal error:  Class 'controller' not found in F:\www\Kangframework\library\shared.php on line 111
[23-Dec-2016 15:04:37 PRC] PHP Warning:  ini_set() expects exactly 2 parameters, 1 given in F:\www\Kangframework\library\shared.php on line 66
[23-Dec-2016 15:04:37 PRC] PHP Fatal error:  Class 'IndexsController' not found in F:\www\Kangframework\library\shared.php on line 111
[23-Dec-2016 15:04:46 PRC] PHP Warning:  ini_set() expects exactly 2 parameters, 1 given in F:\www\Kangframework\library\shared.php on line 66
[23-Dec-2016 15:04:46 PRC] PHP Fatal error:  Class 'IndexController' not found in F:\www\Kangframework\library\shared.php on line 111
[23-Dec-2016 15:04:56 PRC] PHP Warning:  ini_set() expects exactly 2 parameters, 1 given in F:\www\Kangframework\library\shared.php on line 66
[23-Dec-2016 15:04:56 PRC] PHP Fatal error:  Class 'IndexsController' not found in F:\www\Kangframework\library\shared.php on line 111
[23-Dec-2016 15:09:44 PRC] PHP Warning:  ini_set() expects exactly 2 parameters, 1 given in F:\www\Kangframework\library\shared.php on line 66
[23-Dec-2016 15:09:44 PRC] PHP Fatal error:  Class 'IndexsController' not found in F:\www\Kangframework\library\shared.php on line 111
[23-Dec-2016 15:09:52 PRC] PHP Warning:  ini_set() expects exactly 2 parameters, 1 given in F:\www\Kangframework\library\shared.php on line 66
[23-Dec-2016 15:09:52 PRC] PHP Fatal error:  Class 'controller' not found in F:\www\Kangframework\library\shared.php on line 111
[23-Dec-2016 15:09:53 PRC] PHP Warning:  ini_set() expects exactly 2 parameters, 1 given in F:\www\Kangframework\library\shared.php on line 66
[23-Dec-2016 15:09:53 PRC] PHP Fatal error:  Class 'controller' not found in F:\www\Kangframework\library\shared.php on line 111
[23-Dec-2016 15:09:54 PRC] PHP Warning:  ini_set() expects exactly 2 parameters, 1 given in F:\www\Kangframework\library\shared.php on line 66
[23-Dec-2016 15:09:54 PRC] PHP Fatal error:  Class 'controller' not found in F:\www\Kangframework\library\shared.php on line 111
[23-Dec-2016 15:10:09 PRC] PHP Warning:  ini_set() expects exactly 2 parameters, 1 given in F:\www\Kangframework\library\shared.php on line 66
[24-Dec-2016 14:11:19 PRC] PHP Warning:  ini_set() expects exactly 2 parameters, 1 given in F:\wwww\Kangframework\library\shared.php on line 66
[24-Dec-2016 14:11:19 PRC] PHP Notice:  Undefined offset: 0 in F:\wwww\Kangframework\library\shared.php on line 97
[24-Dec-2016 14:11:19 PRC] PHP Parse error:  syntax error, unexpected 'protected' (T_PROTECTED), expecting ',' or ';' in F:\wwww\Kangframework\library\Controller.class.php on line 18
[24-Dec-2016 14:12:44 PRC] PHP Warning:  ini_set() expects exactly 2 parameters, 1 given in F:\wwww\Kangframework\library\shared.php on line 66
[24-Dec-2016 14:12:44 PRC] PHP Notice:  Undefined offset: 0 in F:\wwww\Kangframework\library\shared.php on line 97
[24-Dec-2016 14:12:44 PRC] PHP Parse error:  syntax error, unexpected 'protected' (T_PROTECTED), expecting ',' or ';' in F:\wwww\Kangframework\library\Controller.class.php on line 18
[24-Dec-2016 14:12:56 PRC] PHP Warning:  ini_set() expects exactly 2 parameters, 1 given in F:\wwww\Kangframework\library\shared.php on line 66
[24-Dec-2016 14:12:56 PRC] PHP Parse error:  syntax error, unexpected 'protected' (T_PROTECTED), expecting ',' or ';' in F:\wwww\Kangframework\library\Controller.class.php on line 18
[24-Dec-2016 14:13:04 PRC] PHP Warning:  ini_set() expects exactly 2 parameters, 1 given in F:\wwww\Kangframework\library\shared.php on line 66
[24-Dec-2016 14:13:04 PRC] PHP Parse error:  syntax error, unexpected 'protected' (T_PROTECTED), expecting ',' or ';' in F:\wwww\Kangframework\library\Controller.class.php on line 18
[24-Dec-2016 14:13:38 PRC] PHP Warning:  ini_set() expects exactly 2 parameters, 1 given in F:\wwww\Kangframework\library\shared.php on line 66
[24-Dec-2016 14:13:38 PRC] PHP Parse error:  syntax error, unexpected 'protected' (T_PROTECTED), expecting ',' or ';' in F:\wwww\Kangframework\library\Controller.class.php on line 18
[24-Dec-2016 14:13:39 PRC] PHP Warning:  ini_set() expects exactly 2 parameters, 1 given in F:\wwww\Kangframework\library\shared.php on line 66
[24-Dec-2016 14:13:39 PRC] PHP Parse error:  syntax error, unexpected 'protected' (T_PROTECTED), expecting ',' or ';' in F:\wwww\Kangframework\library\Controller.class.php on line 18
[24-Dec-2016 14:26:19 PRC] PHP Warning:  ini_set() expects exactly 2 parameters, 1 given in F:\wwww\Kangframework\library\shared.php on line 66
[24-Dec-2016 14:26:19 PRC] PHP Parse error:  syntax error, unexpected 'protected' (T_PROTECTED), expecting ',' or ';' in F:\wwww\Kangframework\library\Controller.class.php on line 18
[24-Dec-2016 14:29:46 PRC] PHP Warning:  ini_set() expects exactly 2 parameters, 1 given in F:\wwww\Kangframework\library\shared.php on line 66
[24-Dec-2016 14:29:46 PRC] PHP Parse error:  syntax error, unexpected 'protected' (T_PROTECTED), expecting ',' or ';' in F:\wwww\Kangframework\library\Controller.class.php on line 18
[24-Dec-2016 14:35:35 PRC] PHP Warning:  ini_set() expects exactly 2 parameters, 1 given in F:\wwww\Kangframework\library\shared.php on line 66
[24-Dec-2016 14:35:35 PRC] PHP Notice:  Undefined offset: 0 in F:\wwww\Kangframework\library\shared.php on line 97
[24-Dec-2016 14:35:35 PRC] PHP Parse error:  syntax error, unexpected 'protected' (T_PROTECTED), expecting ',' or ';' in F:\wwww\Kangframework\library\Controller.class.php on line 18
[24-Dec-2016 14:36:02 PRC] PHP Warning:  ini_set() expects exactly 2 parameters, 1 given in F:\wwww\Kangframework\library\shared.php on line 66
[24-Dec-2016 14:36:02 PRC] PHP Parse error:  syntax error, unexpected 'protected' (T_PROTECTED), expecting ',' or ';' in F:\wwww\Kangframework\library\Controller.class.php on line 18
[24-Dec-2016 14:36:29 PRC] PHP Warning:  ini_set() expects exactly 2 parameters, 1 given in F:\wwww\Kangframework\library\shared.php on line 66
[24-Dec-2016 14:36:29 PRC] PHP Parse error:  syntax error, unexpected 'protected' (T_PROTECTED), expecting ',' or ';' in F:\wwww\Kangframework\library\Controller.class.php on line 18
[24-Dec-2016 14:36:30 PRC] PHP Warning:  ini_set() expects exactly 2 parameters, 1 given in F:\wwww\Kangframework\library\shared.php on line 66
[24-Dec-2016 14:36:30 PRC] PHP Parse error:  syntax error, unexpected 'protected' (T_PROTECTED), expecting ',' or ';' in F:\wwww\Kangframework\library\Controller.class.php on line 18
[24-Dec-2016 14:37:26 PRC] PHP Warning:  ini_set() expects exactly 2 parameters, 1 given in F:\wwww\Kangframework\library\shared.php on line 66
[24-Dec-2016 14:37:26 PRC] PHP Parse error:  syntax error, unexpected 'protected' (T_PROTECTED), expecting ',' or ';' in F:\wwww\Kangframework\library\Controller.class.php on line 18
[24-Dec-2016 14:37:27 PRC] PHP Warning:  ini_set() expects exactly 2 parameters, 1 given in F:\wwww\Kangframework\library\shared.php on line 66
[24-Dec-2016 14:37:27 PRC] PHP Parse error:  syntax error, unexpected 'protected' (T_PROTECTED), expecting ',' or ';' in F:\wwww\Kangframework\library\Controller.class.php on line 18
[24-Dec-2016 14:37:27 PRC] PHP Warning:  ini_set() expects exactly 2 parameters, 1 given in F:\wwww\Kangframework\library\shared.php on line 66
[24-Dec-2016 14:37:27 PRC] PHP Parse error:  syntax error, unexpected 'protected' (T_PROTECTED), expecting ',' or ';' in F:\wwww\Kangframework\library\Controller.class.php on line 18
[24-Dec-2016 14:37:27 PRC] PHP Warning:  ini_set() expects exactly 2 parameters, 1 given in F:\wwww\Kangframework\library\shared.php on line 66
[24-Dec-2016 14:37:27 PRC] PHP Parse error:  syntax error, unexpected 'protected' (T_PROTECTED), expecting ',' or ';' in F:\wwww\Kangframework\library\Controller.class.php on line 18
[24-Dec-2016 14:37:28 PRC] PHP Warning:  ini_set() expects exactly 2 parameters, 1 given in F:\wwww\Kangframework\library\shared.php on line 66
[24-Dec-2016 14:37:28 PRC] PHP Parse error:  syntax error, unexpected 'protected' (T_PROTECTED), expecting ',' or ';' in F:\wwww\Kangframework\library\Controller.class.php on line 18
[24-Dec-2016 14:37:28 PRC] PHP Warning:  ini_set() expects exactly 2 parameters, 1 given in F:\wwww\Kangframework\library\shared.php on line 66
[24-Dec-2016 14:37:28 PRC] PHP Parse error:  syntax error, unexpected 'protected' (T_PROTECTED), expecting ',' or ';' in F:\wwww\Kangframework\library\Controller.class.php on line 18
[24-Dec-2016 14:37:28 PRC] PHP Warning:  ini_set() expects exactly 2 parameters, 1 given in F:\wwww\Kangframework\library\shared.php on line 66
[24-Dec-2016 14:37:28 PRC] PHP Parse error:  syntax error, unexpected 'protected' (T_PROTECTED), expecting ',' or ';' in F:\wwww\Kangframework\library\Controller.class.php on line 18
[24-Dec-2016 14:37:45 PRC] PHP Warning:  ini_set() expects exactly 2 parameters, 1 given in F:\wwww\Kangframework\library\shared.php on line 66
[24-Dec-2016 14:37:45 PRC] PHP Parse error:  syntax error, unexpected 'protected' (T_PROTECTED), expecting ',' or ';' in F:\wwww\Kangframework\library\Controller.class.php on line 18
[24-Dec-2016 14:37:48 PRC] PHP Warning:  ini_set() expects exactly 2 parameters, 1 given in F:\wwww\Kangframework\library\shared.php on line 66
[24-Dec-2016 14:37:48 PRC] PHP Parse error:  syntax error, unexpected 'protected' (T_PROTECTED), expecting ',' or ';' in F:\wwww\Kangframework\library\Controller.class.php on line 18
[24-Dec-2016 14:38:22 PRC] PHP Warning:  ini_set() expects exactly 2 parameters, 1 given in F:\wwww\Kangframework\library\shared.php on line 66
[24-Dec-2016 14:38:22 PRC] PHP Parse error:  syntax error, unexpected 'protected' (T_PROTECTED), expecting ',' or ';' in F:\wwww\Kangframework\library\Controller.class.php on line 18
[24-Dec-2016 14:38:23 PRC] PHP Warning:  ini_set() expects exactly 2 parameters, 1 given in F:\wwww\Kangframework\library\shared.php on line 66
[24-Dec-2016 14:38:23 PRC] PHP Parse error:  syntax error, unexpected 'protected' (T_PROTECTED), expecting ',' or ';' in F:\wwww\Kangframework\library\Controller.class.php on line 18
[24-Dec-2016 14:38:23 PRC] PHP Warning:  ini_set() expects exactly 2 parameters, 1 given in F:\wwww\Kangframework\library\shared.php on line 66
[24-Dec-2016 14:38:23 PRC] PHP Parse error:  syntax error, unexpected 'protected' (T_PROTECTED), expecting ',' or ';' in F:\wwww\Kangframework\library\Controller.class.php on line 18
[24-Dec-2016 14:38:24 PRC] PHP Warning:  ini_set() expects exactly 2 parameters, 1 given in F:\wwww\Kangframework\library\shared.php on line 66
[24-Dec-2016 14:38:24 PRC] PHP Parse error:  syntax error, unexpected 'protected' (T_PROTECTED), expecting ',' or ';' in F:\wwww\Kangframework\library\Controller.class.php on line 18
[24-Dec-2016 14:38:24 PRC] PHP Warning:  ini_set() expects exactly 2 parameters, 1 given in F:\wwww\Kangframework\library\shared.php on line 66
[24-Dec-2016 14:38:24 PRC] PHP Parse error:  syntax error, unexpected 'protected' (T_PROTECTED), expecting ',' or ';' in F:\wwww\Kangframework\library\Controller.class.php on line 18
[24-Dec-2016 14:38:34 PRC] PHP Warning:  ini_set() expects exactly 2 parameters, 1 given in F:\wwww\Kangframework\library\shared.php on line 66
[24-Dec-2016 14:38:34 PRC] PHP Parse error:  syntax error, unexpected 'protected' (T_PROTECTED), expecting ',' or ';' in F:\wwww\Kangframework\library\Controller.class.php on line 18
[24-Dec-2016 14:38:58 PRC] PHP Warning:  ini_set() expects exactly 2 parameters, 1 given in F:\wwww\Kangframework\library\shared.php on line 66
[24-Dec-2016 14:38:58 PRC] PHP Parse error:  syntax error, unexpected 'protected' (T_PROTECTED), expecting ',' or ';' in F:\wwww\Kangframework\library\Controller.class.php on line 18
[24-Dec-2016 14:38:59 PRC] PHP Warning:  ini_set() expects exactly 2 parameters, 1 given in F:\wwww\Kangframework\library\shared.php on line 66
[24-Dec-2016 14:38:59 PRC] PHP Parse error:  syntax error, unexpected 'protected' (T_PROTECTED), expecting ',' or ';' in F:\wwww\Kangframework\library\Controller.class.php on line 18
[24-Dec-2016 14:38:59 PRC] PHP Warning:  ini_set() expects exactly 2 parameters, 1 given in F:\wwww\Kangframework\library\shared.php on line 66
[24-Dec-2016 14:38:59 PRC] PHP Parse error:  syntax error, unexpected 'protected' (T_PROTECTED), expecting ',' or ';' in F:\wwww\Kangframework\library\Controller.class.php on line 18
[24-Dec-2016 14:40:05 PRC] PHP Warning:  ini_set() expects exactly 2 parameters, 1 given in F:\wwww\Kangframework\library\shared.php on line 66
[24-Dec-2016 14:40:05 PRC] PHP Parse error:  syntax error, unexpected 'protected' (T_PROTECTED), expecting ',' or ';' in F:\wwww\Kangframework\library\Controller.class.php on line 18
[24-Dec-2016 14:40:05 PRC] PHP Warning:  ini_set() expects exactly 2 parameters, 1 given in F:\wwww\Kangframework\library\shared.php on line 66
[24-Dec-2016 14:40:05 PRC] PHP Parse error:  syntax error, unexpected 'protected' (T_PROTECTED), expecting ',' or ';' in F:\wwww\Kangframework\library\Controller.class.php on line 18
[24-Dec-2016 14:40:06 PRC] PHP Warning:  ini_set() expects exactly 2 parameters, 1 given in F:\wwww\Kangframework\library\shared.php on line 66
[24-Dec-2016 14:40:06 PRC] PHP Parse error:  syntax error, unexpected 'protected' (T_PROTECTED), expecting ',' or ';' in F:\wwww\Kangframework\library\Controller.class.php on line 18
[24-Dec-2016 14:40:06 PRC] PHP Warning:  ini_set() expects exactly 2 parameters, 1 given in F:\wwww\Kangframework\library\shared.php on line 66
[24-Dec-2016 14:40:06 PRC] PHP Parse error:  syntax error, unexpected 'protected' (T_PROTECTED), expecting ',' or ';' in F:\wwww\Kangframework\library\Controller.class.php on line 18
[24-Dec-2016 14:40:06 PRC] PHP Warning:  ini_set() expects exactly 2 parameters, 1 given in F:\wwww\Kangframework\library\shared.php on line 66
[24-Dec-2016 14:40:06 PRC] PHP Parse error:  syntax error, unexpected 'protected' (T_PROTECTED), expecting ',' or ';' in F:\wwww\Kangframework\library\Controller.class.php on line 18
[24-Dec-2016 14:40:06 PRC] PHP Warning:  ini_set() expects exactly 2 parameters, 1 given in F:\wwww\Kangframework\library\shared.php on line 66
[24-Dec-2016 14:40:06 PRC] PHP Parse error:  syntax error, unexpected 'protected' (T_PROTECTED), expecting ',' or ';' in F:\wwww\Kangframework\library\Controller.class.php on line 18
[24-Dec-2016 14:41:04 PRC] PHP Warning:  ini_set() expects exactly 2 parameters, 1 given in F:\wwww\Kangframework\library\shared.php on line 66
[24-Dec-2016 14:41:04 PRC] PHP Fatal error:  Class 'ItemsController' not found in F:\wwww\Kangframework\library\shared.php on line 111
[24-Dec-2016 14:42:14 PRC] PHP Warning:  ini_set() expects exactly 2 parameters, 1 given in F:\wwww\Kangframework\library\shared.php on line 66
[24-Dec-2016 14:42:22 PRC] PHP Warning:  ini_set() expects exactly 2 parameters, 1 given in F:\wwww\Kangframework\library\shared.php on line 66
[24-Dec-2016 14:42:22 PRC] PHP Fatal error:  Class 'ItemsController' not found in F:\wwww\Kangframework\library\shared.php on line 111
[24-Dec-2016 14:42:35 PRC] PHP Warning:  ini_set() expects exactly 2 parameters, 1 given in F:\wwww\Kangframework\library\shared.php on line 66
[24-Dec-2016 14:43:24 PRC] PHP Warning:  ini_set() expects exactly 2 parameters, 1 given in F:\wwww\Kangframework\library\shared.php on line 66
[24-Dec-2016 14:43:29 PRC] PHP Warning:  ini_set() expects exactly 2 parameters, 1 given in F:\wwww\Kangframework\library\shared.php on line 66
[24-Dec-2016 14:43:29 PRC] PHP Parse error:  syntax error, unexpected 'echo' (T_ECHO), expecting function (T_FUNCTION) in F:\wwww\Kangframework\application\controllers\ItemsController.php on line 5
[24-Dec-2016 14:43:55 PRC] PHP Warning:  ini_set() expects exactly 2 parameters, 1 given in F:\wwww\Kangframework\library\shared.php on line 66
[24-Dec-2016 14:43:55 PRC] PHP Parse error:  syntax error, unexpected 'echo' (T_ECHO), expecting function (T_FUNCTION) in F:\wwww\Kangframework\application\controllers\ItemsController.php on line 5
[24-Dec-2016 14:44:05 PRC] PHP Warning:  ini_set() expects exactly 2 parameters, 1 given in F:\wwww\Kangframework\library\shared.php on line 66
[24-Dec-2016 14:44:05 PRC] PHP Parse error:  syntax error, unexpected 'echo' (T_ECHO), expecting function (T_FUNCTION) in F:\wwww\Kangframework\application\controllers\ItemsController.php on line 5
[24-Dec-2016 14:44:46 PRC] PHP Warning:  ini_set() expects exactly 2 parameters, 1 given in F:\wwww\Kangframework\library\shared.php on line 66
[24-Dec-2016 14:44:46 PRC] PHP Parse error:  syntax error, unexpected 'echo' (T_ECHO), expecting function (T_FUNCTION) in F:\wwww\Kangframework\application\controllers\ItemsController.php on line 5
[24-Dec-2016 14:44:47 PRC] PHP Warning:  ini_set() expects exactly 2 parameters, 1 given in F:\wwww\Kangframework\library\shared.php on line 66
[24-Dec-2016 14:44:47 PRC] PHP Parse error:  syntax error, unexpected 'echo' (T_ECHO), expecting function (T_FUNCTION) in F:\wwww\Kangframework\application\controllers\ItemsController.php on line 5
[24-Dec-2016 14:44:47 PRC] PHP Warning:  ini_set() expects exactly 2 parameters, 1 given in F:\wwww\Kangframework\library\shared.php on line 66
[24-Dec-2016 14:44:47 PRC] PHP Parse error:  syntax error, unexpected 'echo' (T_ECHO), expecting function (T_FUNCTION) in F:\wwww\Kangframework\application\controllers\ItemsController.php on line 5
[24-Dec-2016 14:44:48 PRC] PHP Warning:  ini_set() expects exactly 2 parameters, 1 given in F:\wwww\Kangframework\library\shared.php on line 66
[24-Dec-2016 14:44:48 PRC] PHP Parse error:  syntax error, unexpected 'echo' (T_ECHO), expecting function (T_FUNCTION) in F:\wwww\Kangframework\application\controllers\ItemsController.php on line 5
[24-Dec-2016 14:46:24 PRC] PHP Warning:  ini_set() expects exactly 2 parameters, 1 given in F:\wwww\Kangframework\library\shared.php on line 66
[24-Dec-2016 14:46:24 PRC] PHP Parse error:  syntax error, unexpected 'echo' (T_ECHO), expecting function (T_FUNCTION) in F:\wwww\Kangframework\application\controllers\ItemsController.php on line 5
[24-Dec-2016 14:46:25 PRC] PHP Warning:  ini_set() expects exactly 2 parameters, 1 given in F:\wwww\Kangframework\library\shared.php on line 66
[24-Dec-2016 14:46:25 PRC] PHP Parse error:  syntax error, unexpected 'echo' (T_ECHO), expecting function (T_FUNCTION) in F:\wwww\Kangframework\application\controllers\ItemsController.php on line 5
[24-Dec-2016 14:46:25 PRC] PHP Warning:  ini_set() expects exactly 2 parameters, 1 given in F:\wwww\Kangframework\library\shared.php on line 66
[24-Dec-2016 14:46:25 PRC] PHP Parse error:  syntax error, unexpected 'echo' (T_ECHO), expecting function (T_FUNCTION) in F:\wwww\Kangframework\application\controllers\ItemsController.php on line 5
[24-Dec-2016 14:46:25 PRC] PHP Warning:  ini_set() expects exactly 2 parameters, 1 given in F:\wwww\Kangframework\library\shared.php on line 66
[24-Dec-2016 14:46:25 PRC] PHP Parse error:  syntax error, unexpected 'echo' (T_ECHO), expecting function (T_FUNCTION) in F:\wwww\Kangframework\application\controllers\ItemsController.php on line 5
[24-Dec-2016 14:46:33 PRC] PHP Warning:  ini_set() expects exactly 2 parameters, 1 given in F:\wwww\Kangframework\library\shared.php on line 66
[24-Dec-2016 14:46:33 PRC] PHP Parse error:  syntax error, unexpected 'echo' (T_ECHO), expecting function (T_FUNCTION) in F:\wwww\Kangframework\application\controllers\ItemsController.php on line 5
[24-Dec-2016 14:46:34 PRC] PHP Warning:  ini_set() expects exactly 2 parameters, 1 given in F:\wwww\Kangframework\library\shared.php on line 66
[24-Dec-2016 14:46:34 PRC] PHP Parse error:  syntax error, unexpected 'echo' (T_ECHO), expecting function (T_FUNCTION) in F:\wwww\Kangframework\application\controllers\ItemsController.php on line 5
[24-Dec-2016 14:46:44 PRC] PHP Warning:  ini_set() expects exactly 2 parameters, 1 given in F:\wwww\Kangframework\library\shared.php on line 66
[24-Dec-2016 14:46:53 PRC] PHP Warning:  ini_set() expects exactly 2 parameters, 1 given in F:\wwww\Kangframework\library\shared.php on line 66
[24-Dec-2016 14:46:53 PRC] PHP Parse error:  syntax error, unexpected 'protected' (T_PROTECTED), expecting ',' or ';' in F:\wwww\Kangframework\library\Controller.class.php on line 18
[24-Dec-2016 14:46:54 PRC] PHP Warning:  ini_set() expects exactly 2 parameters, 1 given in F:\wwww\Kangframework\library\shared.php on line 66
[24-Dec-2016 14:46:54 PRC] PHP Parse error:  syntax error, unexpected 'protected' (T_PROTECTED), expecting ',' or ';' in F:\wwww\Kangframework\library\Controller.class.php on line 18
[24-Dec-2016 14:47:11 PRC] PHP Warning:  ini_set() expects exactly 2 parameters, 1 given in F:\wwww\Kangframework\library\shared.php on line 66
[24-Dec-2016 14:47:11 PRC] PHP Parse error:  syntax error, unexpected 'protected' (T_PROTECTED), expecting ',' or ';' in F:\wwww\Kangframework\library\Controller.class.php on line 18
[24-Dec-2016 14:47:12 PRC] PHP Warning:  ini_set() expects exactly 2 parameters, 1 given in F:\wwww\Kangframework\library\shared.php on line 66
[24-Dec-2016 14:47:12 PRC] PHP Parse error:  syntax error, unexpected 'protected' (T_PROTECTED), expecting ',' or ';' in F:\wwww\Kangframework\library\Controller.class.php on line 18
[24-Dec-2016 14:47:18 PRC] PHP Warning:  ini_set() expects exactly 2 parameters, 1 given in F:\wwww\Kangframework\library\shared.php on line 66
[24-Dec-2016 14:47:18 PRC] PHP Parse error:  syntax error, unexpected 'protected' (T_PROTECTED), expecting ',' or ';' in F:\wwww\Kangframework\library\Controller.class.php on line 18
[24-Dec-2016 14:51:33 PRC] PHP Warning:  ini_set() expects exactly 2 parameters, 1 given in F:\wwww\Kangframework\library\shared.php on line 66
[24-Dec-2016 14:51:33 PRC] PHP Parse error:  syntax error, unexpected 'echo' (T_ECHO), expecting function (T_FUNCTION) in F:\wwww\Kangframework\application\controllers\ItemsController.php on line 5
[24-Dec-2016 14:51:33 PRC] PHP Warning:  ini_set() expects exactly 2 parameters, 1 given in F:\wwww\Kangframework\library\shared.php on line 66
[24-Dec-2016 14:51:33 PRC] PHP Parse error:  syntax error, unexpected 'echo' (T_ECHO), expecting function (T_FUNCTION) in F:\wwww\Kangframework\application\controllers\ItemsController.php on line 5
[24-Dec-2016 14:51:35 PRC] PHP Warning:  ini_set() expects exactly 2 parameters, 1 given in F:\wwww\Kangframework\library\shared.php on line 66
[24-Dec-2016 14:51:35 PRC] PHP Parse error:  syntax error, unexpected 'echo' (T_ECHO), expecting function (T_FUNCTION) in F:\wwww\Kangframework\application\controllers\ItemsController.php on line 5
[24-Dec-2016 14:52:52 PRC] PHP Warning:  ini_set() expects exactly 2 parameters, 1 given in F:\wwww\Kangframework\library\shared.php on line 66
[24-Dec-2016 14:52:52 PRC] PHP Parse error:  syntax error, unexpected 'protected' (T_PROTECTED), expecting ',' or ';' in F:\wwww\Kangframework\library\Controller.class.php on line 18
[24-Dec-2016 14:52:53 PRC] PHP Warning:  ini_set() expects exactly 2 parameters, 1 given in F:\wwww\Kangframework\library\shared.php on line 66
[24-Dec-2016 14:52:53 PRC] PHP Parse error:  syntax error, unexpected 'protected' (T_PROTECTED), expecting ',' or ';' in F:\wwww\Kangframework\library\Controller.class.php on line 18
[24-Dec-2016 14:54:18 PRC] PHP Deprecated:  Assigning the return value of new by reference is deprecated in F:\wwww\Kangframework\library\Controller.class.php on line 24
[24-Dec-2016 14:54:18 PRC] PHP Deprecated:  Assigning the return value of new by reference is deprecated in F:\wwww\Kangframework\library\Controller.class.php on line 25
[24-Dec-2016 14:54:18 PRC] PHP Fatal error:  Class 'Item' not found in F:\wwww\Kangframework\library\Controller.class.php on line 24
[24-Dec-2016 14:57:25 PRC] PHP Deprecated:  Assigning the return value of new by reference is deprecated in F:\wwww\Kangframework\library\Controller.class.php on line 24
[24-Dec-2016 14:57:25 PRC] PHP Deprecated:  Assigning the return value of new by reference is deprecated in F:\wwww\Kangframework\library\Controller.class.php on line 25
[24-Dec-2016 14:57:25 PRC] PHP Fatal error:  Class 'Item' not found in F:\wwww\Kangframework\library\Controller.class.php on line 24
[24-Dec-2016 14:58:36 PRC] PHP Fatal error:  Class 'Item' not found in F:\wwww\Kangframework\library\Controller.class.php on line 24
[24-Dec-2016 14:59:41 PRC] PHP Warning:  call_user_func_array() expects parameter 2 to be array, string given in F:\wwww\Kangframework\library\shared.php on line 114
[24-Dec-2016 14:59:41 PRC] PHP Notice:  Undefined variable: title in F:\wwww\Kangframework\application\views\items\header.php on line 3
[24-Dec-2016 14:59:41 PRC] PHP Notice:  Undefined variable: todo in F:\wwww\Kangframework\application\views\items\viewall.php on line 6
[24-Dec-2016 14:59:41 PRC] PHP Warning:  Invalid argument supplied for foreach() in F:\wwww\Kangframework\application\views\items\viewall.php on line 6
[24-Dec-2016 15:02:59 PRC] PHP Warning:  call_user_func_array() expects parameter 2 to be array, string given in F:\wwww\Kangframework\library\shared.php on line 114
[24-Dec-2016 15:02:59 PRC] PHP Notice:  Undefined variable: title in F:\wwww\Kangframework\application\views\items\header.php on line 3
[24-Dec-2016 15:02:59 PRC] PHP Notice:  Undefined variable: todo in F:\wwww\Kangframework\application\views\items\viewall.php on line 6
[24-Dec-2016 15:02:59 PRC] PHP Warning:  Invalid argument supplied for foreach() in F:\wwww\Kangframework\application\views\items\viewall.php on line 6
[24-Dec-2016 15:03:40 PRC] PHP Warning:  call_user_func_array() expects parameter 2 to be array, string given in F:\wwww\Kangframework\library\shared.php on line 114
[24-Dec-2016 15:03:40 PRC] PHP Notice:  Undefined variable: title in F:\wwww\Kangframework\application\views\items\header.php on line 3
[24-Dec-2016 15:03:40 PRC] PHP Notice:  Undefined variable: todo in F:\wwww\Kangframework\application\views\items\viewall.php on line 6
[24-Dec-2016 15:03:40 PRC] PHP Warning:  Invalid argument supplied for foreach() in F:\wwww\Kangframework\application\views\items\viewall.php on line 6
[24-Dec-2016 15:03:43 PRC] PHP Warning:  call_user_func_array() expects parameter 2 to be array, string given in F:\wwww\Kangframework\library\shared.php on line 114
[24-Dec-2016 15:03:43 PRC] PHP Notice:  Undefined variable: title in F:\wwww\Kangframework\application\views\items\header.php on line 3
[24-Dec-2016 15:04:37 PRC] PHP Warning:  call_user_func_array() expects parameter 2 to be array, string given in F:\wwww\Kangframework\library\shared.php on line 114
[24-Dec-2016 15:04:37 PRC] PHP Notice:  Undefined variable: title in F:\wwww\Kangframework\application\views\items\header.php on line 3
[24-Dec-2016 15:04:37 PRC] PHP Notice:  Undefined variable: todo in F:\wwww\Kangframework\application\views\items\viewall.php on line 6
[24-Dec-2016 15:04:37 PRC] PHP Warning:  Invalid argument supplied for foreach() in F:\wwww\Kangframework\application\views\items\viewall.php on line 6
[24-Dec-2016 15:04:39 PRC] PHP Warning:  call_user_func_array() expects parameter 2 to be array, string given in F:\wwww\Kangframework\library\shared.php on line 114
[24-Dec-2016 15:04:39 PRC] PHP Notice:  Undefined variable: title in F:\wwww\Kangframework\application\views\items\header.php on line 3
[24-Dec-2016 15:05:28 PRC] PHP Warning:  call_user_func_array() expects parameter 2 to be array, string given in F:\wwww\Kangframework\library\shared.php on line 114
[24-Dec-2016 15:05:28 PRC] PHP Notice:  Undefined variable: title in F:\wwww\Kangframework\application\views\items\header.php on line 3
[24-Dec-2016 15:05:28 PRC] PHP Notice:  Undefined variable: todo in F:\wwww\Kangframework\application\views\items\viewall.php on line 6
[24-Dec-2016 15:05:28 PRC] PHP Warning:  Invalid argument supplied for foreach() in F:\wwww\Kangframework\application\views\items\viewall.php on line 6
[24-Dec-2016 15:05:30 PRC] PHP Warning:  call_user_func_array() expects parameter 2 to be array, string given in F:\wwww\Kangframework\library\shared.php on line 114
[24-Dec-2016 15:05:30 PRC] PHP Notice:  Undefined variable: title in F:\wwww\Kangframework\application\views\items\header.php on line 3
[24-Dec-2016 18:03:46 PRC] PHP Notice:  Undefined offset: 0 in F:\wwww\Kangframework\library\shared.php on line 97
[24-Dec-2016 18:03:46 PRC] PHP Fatal error:  Class '' not found in F:\wwww\Kangframework\library\Controller.class.php on line 24
[24-Dec-2016 18:04:25 PRC] PHP Warning:  call_user_func_array() expects parameter 2 to be array, string given in F:\wwww\Kangframework\library\shared.php on line 114
[24-Dec-2016 18:04:25 PRC] PHP Notice:  Undefined variable: title in F:\wwww\Kangframework\application\views\items\header.php on line 3
[24-Dec-2016 18:04:25 PRC] PHP Notice:  Undefined variable: todo in F:\wwww\Kangframework\application\views\items\viewall.php on line 6
[24-Dec-2016 18:04:25 PRC] PHP Warning:  Invalid argument supplied for foreach() in F:\wwww\Kangframework\application\views\items\viewall.php on line 6
[24-Dec-2016 18:04:33 PRC] PHP Warning:  call_user_func_array() expects parameter 2 to be array, string given in F:\wwww\Kangframework\library\shared.php on line 114
[24-Dec-2016 18:04:33 PRC] PHP Notice:  Undefined variable: title in F:\wwww\Kangframework\application\views\items\header.php on line 3
[24-Dec-2016 18:04:49 PRC] PHP Warning:  call_user_func_array() expects parameter 2 to be array, string given in F:\wwww\Kangframework\library\shared.php on line 114
[24-Dec-2016 18:04:49 PRC] PHP Notice:  Undefined variable: title in F:\wwww\Kangframework\application\views\items\header.php on line 3
[24-Dec-2016 18:04:49 PRC] PHP Notice:  Undefined variable: todo in F:\wwww\Kangframework\application\views\items\viewall.php on line 6
[24-Dec-2016 18:04:49 PRC] PHP Warning:  Invalid argument supplied for foreach() in F:\wwww\Kangframework\application\views\items\viewall.php on line 6
[24-Dec-2016 18:04:51 PRC] PHP Warning:  call_user_func_array() expects parameter 2 to be array, string given in F:\wwww\Kangframework\library\shared.php on line 114
[24-Dec-2016 18:04:51 PRC] PHP Notice:  Undefined variable: title in F:\wwww\Kangframework\application\views\items\header.php on line 3
[24-Dec-2016 18:06:56 PRC] PHP Warning:  call_user_func_array() expects parameter 2 to be array, string given in F:\wwww\Kangframework\library\shared.php on line 114
[24-Dec-2016 18:06:56 PRC] PHP Notice:  Undefined variable: title in F:\wwww\Kangframework\application\views\items\header.php on line 3
[24-Dec-2016 18:06:56 PRC] PHP Notice:  Undefined variable: todo in F:\wwww\Kangframework\application\views\items\viewall.php on line 6
[24-Dec-2016 18:06:56 PRC] PHP Warning:  Invalid argument supplied for foreach() in F:\wwww\Kangframework\application\views\items\viewall.php on line 6
